2025-02-23 21:44:14,134 - Ranking System Pipeline - INFO - Starting pipeline...
2025-02-23 21:44:14,135 - Ranking System Pipeline - INFO - Extracting: data
ews.csv
2025-02-23 21:44:14,138 - Ranking System Pipeline - ERROR - Failed to extract data: [Errno 22] Invalid argument: 'data\news.csv'
2025-02-23 21:44:14,138 - Ranking System Pipeline - ERROR - Failed to finish the pipeline process: [Errno 22] Invalid argument: 'data\news.csv'
2025-02-23 21:45:02,349 - Ranking System Pipeline - INFO - Starting pipeline...
2025-02-23 21:45:02,349 - Ranking System Pipeline - INFO - Extracting: data/news.csv
2025-02-23 21:45:03,930 - Ranking System Pipeline - INFO - Extracted 427482
2025-02-23 21:45:03,943 - Ranking System Pipeline - INFO - Pipeline completed successfully!
2025-03-01 14:49:54,432 - Ranking System Pipeline - INFO - Starting pipeline...
2025-03-01 14:49:54,434 - Ranking System Pipeline - INFO - Extracting: data/news.csv
2025-03-01 14:49:56,091 - Ranking System Pipeline - INFO - Extracted 427482
2025-03-01 14:49:56,106 - Ranking System Pipeline - INFO - Pipeline completed successfully!
2025-03-01 14:55:16,232 - Ranking System Pipeline - INFO - Starting pipeline...
2025-03-01 14:55:16,233 - Ranking System Pipeline - INFO - Extracting: data/news.csv
2025-03-01 14:55:17,653 - Ranking System Pipeline - INFO - Extracted 427482
2025-03-01 14:55:17,654 - Ranking System Pipeline - INFO - Data Preprocessing...
2025-03-01 14:55:17,675 - Ranking System Pipeline - INFO - Pipeline completed successfully!
2025-03-01 14:56:54,671 - Ranking System Pipeline - INFO - Starting pipeline...
2025-03-01 14:56:54,671 - Ranking System Pipeline - INFO - Extracting: data/news.csv
2025-03-01 14:56:55,989 - Ranking System Pipeline - INFO - Extracted 427482
2025-03-01 14:56:55,989 - Ranking System Pipeline - INFO - Data Preprocessing...
2025-03-01 14:56:56,130 - Ranking System Pipeline - INFO - Pipeline completed successfully!
2025-03-01 14:57:28,550 - Ranking System Pipeline - INFO - Starting pipeline...
2025-03-01 14:57:28,550 - Ranking System Pipeline - INFO - Extracting: data/news.csv
2025-03-01 14:57:29,908 - Ranking System Pipeline - INFO - Extracted 427482
2025-03-01 14:57:29,909 - Ranking System Pipeline - INFO - Data Preprocessing...
2025-03-01 14:57:30,051 - Ranking System Pipeline - INFO - Pipeline completed successfully!
2025-03-01 15:01:42,448 - Ranking System Pipeline - INFO - Starting pipeline...
2025-03-01 15:01:42,448 - Ranking System Pipeline - INFO - Extracting: data/news.csv
2025-03-01 15:01:43,875 - Ranking System Pipeline - INFO - Extracted 427482
2025-03-01 15:01:43,875 - Ranking System Pipeline - INFO - Data Preprocessing...
2025-03-01 15:01:44,070 - Ranking System Pipeline - INFO - Pipeline completed successfully!
2025-03-01 15:05:11,814 - Ranking System Pipeline - INFO - Starting pipeline...
2025-03-01 15:05:11,815 - Ranking System Pipeline - INFO - Extracting: data/news.csv
2025-03-01 15:05:13,171 - Ranking System Pipeline - INFO - Extracted 427482
2025-03-01 15:05:13,172 - Ranking System Pipeline - INFO - Data Preprocessing...
2025-03-01 15:05:13,187 - Ranking System Pipeline - ERROR - Failed to preprocess the data: drop_duplicates() got an unexpected keyword argument 'axis'
2025-03-01 15:05:13,187 - Ranking System Pipeline - ERROR - Failed to finish the pipeline process: drop_duplicates() got an unexpected keyword argument 'axis'
2025-03-01 15:05:30,699 - Ranking System Pipeline - INFO - Starting pipeline...
2025-03-01 15:05:30,699 - Ranking System Pipeline - INFO - Extracting: data/news.csv
2025-03-01 15:05:32,050 - Ranking System Pipeline - INFO - Extracted 427482
2025-03-01 15:05:32,051 - Ranking System Pipeline - INFO - Data Preprocessing...
2025-03-01 15:05:32,319 - Ranking System Pipeline - INFO - Pipeline completed successfully!
2025-03-01 15:06:30,039 - Ranking System Pipeline - INFO - Starting pipeline...
2025-03-01 15:06:30,040 - Ranking System Pipeline - INFO - Extracting: data/news.csv
2025-03-01 15:06:31,400 - Ranking System Pipeline - INFO - Extracted 427482
2025-03-01 15:06:31,401 - Ranking System Pipeline - INFO - Data Preprocessing...
2025-03-01 15:06:31,667 - Ranking System Pipeline - INFO - Pipeline completed successfully!
2025-03-01 15:10:49,817 - Ranking System Pipeline - INFO - Starting pipeline...
2025-03-01 15:10:49,818 - Ranking System Pipeline - INFO - Extracting: data/news.csv
2025-03-01 15:10:51,273 - Ranking System Pipeline - INFO - Extracted 427482
2025-03-01 15:10:51,273 - Ranking System Pipeline - INFO - Data Preprocessing...
2025-03-01 15:10:51,521 - Ranking System Pipeline - ERROR - Failed to preprocess the data: 
**********************************************************************
  Resource [93mpunkt_tab[0m not found.
  Please use the NLTK Downloader to obtain the resource:

  [31m>>> import nltk
  >>> nltk.download('punkt_tab')
  [0m
  For more information see: https://www.nltk.org/data.html

  Attempted to load [93mtokenizers/punkt_tab/english/[0m

  Searched in:
    - 'C:\\Users\\Laptop/nltk_data'
    - 'C:\\Users\\Laptop\\PycharmProjects\\RankingSystem\\.venv\\nltk_data'
    - 'C:\\Users\\Laptop\\PycharmProjects\\RankingSystem\\.venv\\share\\nltk_data'
    - 'C:\\Users\\Laptop\\PycharmProjects\\RankingSystem\\.venv\\lib\\nltk_data'
    - 'C:\\Users\\Laptop\\AppData\\Roaming\\nltk_data'
    - 'C:\\nltk_data'
    - 'D:\\nltk_data'
    - 'E:\\nltk_data'
**********************************************************************

2025-03-01 15:10:51,521 - Ranking System Pipeline - ERROR - Failed to finish the pipeline process: 
**********************************************************************
  Resource [93mpunkt_tab[0m not found.
  Please use the NLTK Downloader to obtain the resource:

  [31m>>> import nltk
  >>> nltk.download('punkt_tab')
  [0m
  For more information see: https://www.nltk.org/data.html

  Attempted to load [93mtokenizers/punkt_tab/english/[0m

  Searched in:
    - 'C:\\Users\\Laptop/nltk_data'
    - 'C:\\Users\\Laptop\\PycharmProjects\\RankingSystem\\.venv\\nltk_data'
    - 'C:\\Users\\Laptop\\PycharmProjects\\RankingSystem\\.venv\\share\\nltk_data'
    - 'C:\\Users\\Laptop\\PycharmProjects\\RankingSystem\\.venv\\lib\\nltk_data'
    - 'C:\\Users\\Laptop\\AppData\\Roaming\\nltk_data'
    - 'C:\\nltk_data'
    - 'D:\\nltk_data'
    - 'E:\\nltk_data'
**********************************************************************

2025-03-01 15:12:09,137 - Ranking System Pipeline - INFO - Starting pipeline...
2025-03-01 15:12:09,138 - Ranking System Pipeline - INFO - Extracting: data/news.csv
2025-03-01 15:12:10,481 - Ranking System Pipeline - INFO - Extracted 427482
2025-03-01 15:12:10,482 - Ranking System Pipeline - INFO - Data Preprocessing...
2025-03-01 15:13:35,351 - Ranking System Pipeline - INFO - Preprocessing completed successfully!
2025-03-01 15:13:35,351 - Ranking System Pipeline - INFO - Pipeline completed successfully!
2025-03-01 15:57:02,488 - Ranking System Pipeline - INFO - Starting pipeline...
2025-03-01 15:57:02,489 - Ranking System Pipeline - INFO - Extracting: data/news.csv
2025-03-01 15:57:03,934 - Ranking System Pipeline - INFO - Extracted 427482
2025-03-01 15:57:03,935 - Ranking System Pipeline - INFO - Data Preprocessing...
2025-03-01 15:58:28,894 - Ranking System Pipeline - INFO - Preprocessing completed successfully!
2025-03-01 15:58:28,905 - Ranking System Pipeline - INFO - Pipeline completed successfully!
2025-03-01 15:59:03,158 - Ranking System Pipeline - INFO - Starting pipeline...
2025-03-01 15:59:03,158 - Ranking System Pipeline - INFO - Extracting: data/news.csv
2025-03-01 15:59:04,901 - Ranking System Pipeline - INFO - Extracted 427482
2025-03-01 15:59:04,902 - Ranking System Pipeline - INFO - Data Preprocessing...
2025-03-01 16:00:39,583 - Ranking System Pipeline - INFO - Preprocessing completed successfully!
2025-03-01 16:00:39,617 - Ranking System Pipeline - INFO - Pipeline completed successfully!
2025-03-01 16:01:19,419 - Ranking System Pipeline - INFO - Starting pipeline...
2025-03-01 16:01:19,420 - Ranking System Pipeline - INFO - Extracting: data/news.csv
2025-03-01 16:01:20,843 - Ranking System Pipeline - INFO - Extracted 427482
2025-03-01 16:01:20,844 - Ranking System Pipeline - INFO - Data Preprocessing...
2025-03-01 16:02:54,010 - Ranking System Pipeline - INFO - Preprocessing completed successfully!
2025-03-01 16:02:54,019 - Ranking System Pipeline - INFO - Pipeline completed successfully!
2025-03-02 22:35:42,515 - Ranking System Pipeline - INFO - Starting pipeline...
2025-03-02 22:35:42,517 - Ranking System Pipeline - INFO - Extracting: data/news.csv
2025-03-02 22:35:47,338 - Ranking System Pipeline - INFO - Extracted 427482
2025-03-02 22:35:47,340 - Ranking System Pipeline - INFO - Data Preprocessing...
2025-03-02 22:38:41,447 - Ranking System Pipeline - INFO - Preprocessing completed successfully!
2025-03-02 22:38:41,495 - Ranking System Pipeline - INFO - Pipeline completed successfully!
2025-03-02 23:10:19,783 - Ranking System Pipeline - INFO - Starting pipeline...
2025-03-02 23:10:19,783 - Ranking System Pipeline - INFO - Extracting: data/news.csv
2025-03-02 23:10:22,136 - Ranking System Pipeline - INFO - Extracted 427482
2025-03-02 23:10:22,136 - Ranking System Pipeline - INFO - Data Preprocessing...
2025-03-02 23:12:37,774 - Ranking System Pipeline - INFO - Generating embeddings for news articles...
2025-03-06 22:28:57,958 - Ranking System Pipeline - INFO - Starting pipeline...
2025-03-06 22:28:57,958 - Ranking System Pipeline - INFO - Extracting: data/news.csv
2025-03-06 22:28:59,497 - Ranking System Pipeline - INFO - Extracted 427482
2025-03-06 22:28:59,498 - Ranking System Pipeline - INFO - Data Preprocessing...
2025-03-06 22:30:33,591 - Ranking System Pipeline - INFO - Generating embeddings for news articles...
2025-03-07 01:02:34,625 - Ranking System Pipeline - INFO - Preprocessing completed successfully!
2025-03-07 01:02:34,929 - Ranking System Pipeline - INFO - Pipeline completed successfully!
2025-03-07 15:20:59,111 - Ranking System Pipeline - INFO - Starting pipeline...
2025-03-07 15:20:59,112 - Ranking System Pipeline - INFO - Extracting: data/news.csv
2025-03-07 15:21:01,386 - Ranking System Pipeline - INFO - Extracted 427482
2025-03-07 15:21:01,387 - Ranking System Pipeline - INFO - Data Preprocessing...
2025-03-07 15:23:17,070 - Ranking System Pipeline - INFO - Loading saved embeddings...
2025-03-07 15:23:19,577 - Ranking System Pipeline - INFO - Preprocessing completed successfully!
2025-03-07 15:23:19,853 - Ranking System Pipeline - INFO - Pipeline completed successfully!
2025-03-07 16:01:37,862 - Ranking System Pipeline - INFO - Starting pipeline...
2025-03-07 16:01:37,863 - Ranking System Pipeline - INFO - Extracting: data/news.csv
2025-03-07 16:01:40,114 - Ranking System Pipeline - INFO - Extracted 427482
2025-03-07 16:01:40,116 - Ranking System Pipeline - INFO - Data Preprocessing...
2025-03-07 16:03:10,491 - Ranking System Pipeline - INFO - Loading saved embeddings...
2025-03-07 16:03:11,972 - Ranking System Pipeline - INFO - Preprocessing completed successfully!
2025-03-07 16:03:12,139 - Ranking System Pipeline - INFO - Pipeline completed successfully!
2025-03-07 16:04:27,985 - Ranking System Pipeline - INFO - Starting pipeline...
2025-03-07 16:04:27,985 - Ranking System Pipeline - INFO - Extracting: data/news.csv
2025-03-07 16:04:29,393 - Ranking System Pipeline - INFO - Extracted 427482
2025-03-07 16:04:29,394 - Ranking System Pipeline - INFO - Data Preprocessing...
2025-03-07 16:05:54,660 - Ranking System Pipeline - INFO - Loading saved embeddings...
2025-03-07 16:05:55,080 - Ranking System Pipeline - INFO - Preprocessing completed successfully!
2025-03-07 16:05:55,130 - Ranking System Pipeline - INFO - Pipeline completed successfully!
2025-03-07 16:14:11,245 - Ranking System Pipeline - INFO - Starting pipeline...
2025-03-07 16:14:11,245 - Ranking System Pipeline - INFO - Extracting: data/news.csv
2025-03-07 16:14:12,531 - Ranking System Pipeline - INFO - Extracted 427482
2025-03-07 16:14:12,532 - Ranking System Pipeline - INFO - Data Preprocessing...
2025-03-07 16:15:37,113 - Ranking System Pipeline - INFO - Loading saved embeddings...
2025-03-07 16:15:38,575 - Ranking System Pipeline - INFO - Preprocessing completed successfully!
2025-03-07 16:15:38,654 - Ranking System Pipeline - INFO - Pipeline completed successfully!
2025-03-07 16:16:24,778 - Ranking System Pipeline - INFO - Starting pipeline...
2025-03-07 16:16:24,779 - Ranking System Pipeline - INFO - Extracting: data/news.csv
2025-03-07 16:16:26,082 - Ranking System Pipeline - INFO - Extracted 427482
2025-03-07 16:16:26,083 - Ranking System Pipeline - INFO - Data Preprocessing...
2025-03-07 16:17:51,926 - Ranking System Pipeline - INFO - Loading saved embeddings...
2025-03-07 16:17:54,164 - Ranking System Pipeline - INFO - Preprocessing completed successfully!
2025-03-07 16:17:54,250 - Ranking System Pipeline - INFO - Pipeline completed successfully!
2025-03-07 16:18:51,695 - Ranking System Pipeline - INFO - Starting pipeline...
2025-03-07 16:18:51,696 - Ranking System Pipeline - INFO - Extracting: data/news.csv
2025-03-07 16:18:53,177 - Ranking System Pipeline - INFO - Extracted 427482
2025-03-07 16:18:53,178 - Ranking System Pipeline - INFO - Data Preprocessing...
2025-03-07 16:20:21,338 - Ranking System Pipeline - INFO - Loading saved embeddings...
2025-03-07 16:20:22,933 - Ranking System Pipeline - INFO - Preprocessing completed successfully!
2025-03-07 16:20:22,992 - Ranking System Pipeline - INFO - Pipeline completed successfully!
2025-03-07 16:23:19,187 - Ranking System Pipeline - INFO - Starting pipeline...
2025-03-07 16:23:19,187 - Ranking System Pipeline - INFO - Extracting: data/news.csv
2025-03-07 16:23:20,466 - Ranking System Pipeline - INFO - Extracted 427482
2025-03-07 16:23:20,466 - Ranking System Pipeline - INFO - Data Preprocessing...
2025-03-07 16:24:45,326 - Ranking System Pipeline - INFO - Loading saved embeddings...
2025-03-07 16:24:45,777 - Ranking System Pipeline - ERROR - Failed to preprocess the data: Data must be 1-dimensional, got ndarray of shape (414720, 384) instead
2025-03-07 16:24:45,778 - Ranking System Pipeline - ERROR - Failed to finish the pipeline process: Data must be 1-dimensional, got ndarray of shape (414720, 384) instead
2025-03-07 16:27:17,161 - Ranking System Pipeline - INFO - Starting pipeline...
2025-03-07 16:27:17,161 - Ranking System Pipeline - INFO - Extracting: data/news.csv
2025-03-07 16:27:18,467 - Ranking System Pipeline - INFO - Extracted 427482
2025-03-07 16:27:18,468 - Ranking System Pipeline - INFO - Data Preprocessing...
2025-03-07 16:28:43,151 - Ranking System Pipeline - INFO - Loading saved embeddings...
2025-03-07 16:28:43,684 - Ranking System Pipeline - INFO - Preprocessing completed successfully!
2025-03-07 16:28:43,702 - Ranking System Pipeline - INFO - Pipeline completed successfully!
2025-03-07 16:43:53,677 - Ranking System Pipeline - INFO - Starting pipeline...
2025-03-07 16:43:53,677 - Ranking System Pipeline - INFO - Extracting: data/news.csv
2025-03-07 16:43:55,022 - Ranking System Pipeline - INFO - Extracted 427482
2025-03-07 16:43:55,022 - Ranking System Pipeline - INFO - Data Preprocessing...
2025-03-07 16:45:19,748 - Ranking System Pipeline - INFO - Loading saved embeddings...
2025-03-07 16:45:20,313 - Ranking System Pipeline - INFO - Preprocessing completed successfully!
2025-03-07 16:45:20,332 - Ranking System Pipeline - INFO - Loading embeddings and dataset...
2025-03-07 16:45:22,352 - Ranking System Pipeline - INFO - Starting LSTM training...
2025-03-07 16:46:54,862 - Ranking System Pipeline - INFO - Epoch [1/10], Loss: 0.5039
2025-03-07 16:48:23,848 - Ranking System Pipeline - INFO - Epoch [2/10], Loss: 0.4720
2025-03-07 16:49:53,904 - Ranking System Pipeline - INFO - Epoch [3/10], Loss: 0.4503
2025-03-07 16:51:25,942 - Ranking System Pipeline - INFO - Epoch [4/10], Loss: 0.4295
2025-03-07 16:53:03,294 - Ranking System Pipeline - INFO - Epoch [5/10], Loss: 0.4102
2025-03-07 16:54:43,670 - Ranking System Pipeline - INFO - Epoch [6/10], Loss: 0.3917
2025-03-07 16:56:22,628 - Ranking System Pipeline - INFO - Epoch [7/10], Loss: 0.3740
2025-03-07 16:58:01,686 - Ranking System Pipeline - INFO - Epoch [8/10], Loss: 0.3575
2025-03-07 16:59:40,313 - Ranking System Pipeline - INFO - Epoch [9/10], Loss: 0.3420
2025-03-07 17:01:19,351 - Ranking System Pipeline - INFO - Epoch [10/10], Loss: 0.3271
2025-03-07 17:01:25,710 - Ranking System Pipeline - INFO - Test Accuracy: 0.7445
2025-03-07 17:01:25,732 - Ranking System Pipeline - ERROR - Training failed: Parent directory models does not exist.
2025-03-07 17:01:25,732 - Ranking System Pipeline - ERROR - Failed to finish the pipeline process: Parent directory models does not exist.
2025-03-07 17:03:24,606 - Ranking System Pipeline - INFO - Starting pipeline...
2025-03-07 17:03:24,607 - Ranking System Pipeline - INFO - Extracting: data/news.csv
2025-03-07 17:03:25,925 - Ranking System Pipeline - INFO - Extracted 427482
2025-03-07 17:03:25,925 - Ranking System Pipeline - INFO - Data Preprocessing...
2025-03-07 17:04:51,172 - Ranking System Pipeline - INFO - Loading saved embeddings...
2025-03-07 17:04:52,028 - Ranking System Pipeline - INFO - Preprocessing completed successfully!
2025-03-07 17:04:52,059 - Ranking System Pipeline - INFO - Loading embeddings and dataset...
2025-03-07 17:04:54,021 - Ranking System Pipeline - INFO - Starting LSTM training...
2025-03-07 17:06:25,641 - Ranking System Pipeline - INFO - Epoch [1/20], Loss: 0.5042
2025-03-07 17:07:57,077 - Ranking System Pipeline - INFO - Epoch [2/20], Loss: 0.4722
2025-03-07 17:09:37,822 - Ranking System Pipeline - INFO - Epoch [3/20], Loss: 0.4507
2025-03-07 17:11:22,546 - Ranking System Pipeline - INFO - Epoch [4/20], Loss: 0.4305
2025-03-07 17:13:03,001 - Ranking System Pipeline - INFO - Epoch [5/20], Loss: 0.4114
2025-03-07 17:14:43,447 - Ranking System Pipeline - INFO - Epoch [6/20], Loss: 0.3926
2025-03-07 17:16:34,094 - Ranking System Pipeline - INFO - Epoch [7/20], Loss: 0.3752
2025-03-07 17:18:33,955 - Ranking System Pipeline - INFO - Epoch [8/20], Loss: 0.3583
2025-03-07 17:20:41,708 - Ranking System Pipeline - INFO - Epoch [9/20], Loss: 0.3432
2025-03-07 17:22:22,561 - Ranking System Pipeline - INFO - Epoch [10/20], Loss: 0.3286
2025-03-07 17:24:08,712 - Ranking System Pipeline - INFO - Epoch [11/20], Loss: 0.3143
2025-03-07 17:25:56,697 - Ranking System Pipeline - INFO - Epoch [12/20], Loss: 0.3013
2025-03-07 17:27:40,220 - Ranking System Pipeline - INFO - Epoch [13/20], Loss: 0.2890
2025-03-07 17:29:18,241 - Ranking System Pipeline - INFO - Epoch [14/20], Loss: 0.2769
2025-03-07 17:30:56,571 - Ranking System Pipeline - INFO - Epoch [15/20], Loss: 0.2661
2025-03-07 17:32:36,381 - Ranking System Pipeline - INFO - Epoch [16/20], Loss: 0.2550
2025-03-07 17:34:15,136 - Ranking System Pipeline - INFO - Epoch [17/20], Loss: 0.2453
2025-03-07 17:35:53,010 - Ranking System Pipeline - INFO - Epoch [18/20], Loss: 0.2359
2025-03-07 17:37:30,942 - Ranking System Pipeline - INFO - Epoch [19/20], Loss: 0.2268
2025-03-07 17:39:13,158 - Ranking System Pipeline - INFO - Epoch [20/20], Loss: 0.2178
2025-03-07 17:39:20,009 - Ranking System Pipeline - INFO - Test Accuracy: 0.7304
2025-03-07 17:39:20,053 - Ranking System Pipeline - ERROR - Training failed: Parent directory models does not exist.
2025-03-07 17:39:20,055 - Ranking System Pipeline - ERROR - Failed to finish the pipeline process: Parent directory models does not exist.
2025-03-14 23:35:04,879 - Ranking System Pipeline - INFO - Starting pipeline...
2025-03-14 23:35:04,881 - Ranking System Pipeline - INFO - Extracting: data/news.csv
2025-03-14 23:35:07,061 - Ranking System Pipeline - INFO - Extracted 427482
2025-03-14 23:35:07,061 - Ranking System Pipeline - INFO - Data Preprocessing...
2025-03-14 23:36:47,769 - Ranking System Pipeline - INFO - Loading saved embeddings...
2025-03-14 23:36:49,301 - Ranking System Pipeline - INFO - Preprocessing completed successfully!
2025-03-14 23:36:49,360 - Ranking System Pipeline - INFO - Loading embeddings and dataset...
2025-03-14 23:36:53,015 - Ranking System Pipeline - INFO - Starting LSTM training...
2025-03-14 23:38:50,819 - Ranking System Pipeline - INFO - Epoch [1/10], Loss: 0.5044
2025-03-14 23:40:44,497 - Ranking System Pipeline - INFO - Epoch [2/10], Loss: 0.4723
2025-03-14 23:42:41,369 - Ranking System Pipeline - INFO - Epoch [3/10], Loss: 0.4504
2025-03-14 23:44:43,065 - Ranking System Pipeline - INFO - Epoch [4/10], Loss: 0.4304
2025-03-14 23:46:47,470 - Ranking System Pipeline - INFO - Epoch [5/10], Loss: 0.4106
2025-03-14 23:48:51,161 - Ranking System Pipeline - INFO - Epoch [6/10], Loss: 0.3922
2025-03-14 23:50:59,457 - Ranking System Pipeline - INFO - Epoch [7/10], Loss: 0.3748
2025-03-14 23:53:05,754 - Ranking System Pipeline - INFO - Epoch [8/10], Loss: 0.3583
2025-03-14 23:55:02,954 - Ranking System Pipeline - INFO - Epoch [9/10], Loss: 0.3420
2025-03-14 23:56:59,926 - Ranking System Pipeline - INFO - Epoch [10/10], Loss: 0.3268
2025-03-14 23:57:06,801 - Ranking System Pipeline - INFO - Test Accuracy: 0.7490
2025-03-14 23:57:06,840 - Ranking System Pipeline - ERROR - Training failed: Parent directory models does not exist.
2025-03-14 23:57:06,841 - Ranking System Pipeline - ERROR - Failed to finish the pipeline process: Parent directory models does not exist.
2025-03-15 00:03:26,610 - Ranking System Pipeline - INFO - Starting pipeline...
2025-03-15 00:03:26,611 - Ranking System Pipeline - INFO - Extracting: data/news.csv
2025-03-15 00:03:28,100 - Ranking System Pipeline - INFO - Extracted 427482
2025-03-15 00:03:28,100 - Ranking System Pipeline - INFO - Data Preprocessing...
2025-03-15 00:05:03,912 - Ranking System Pipeline - INFO - Loading saved embeddings...
2025-03-15 00:05:05,136 - Ranking System Pipeline - INFO - Preprocessing completed successfully!
2025-03-15 00:05:05,166 - Ranking System Pipeline - INFO - Loading embeddings and dataset...
2025-03-15 00:05:09,334 - Ranking System Pipeline - INFO - Starting LSTM training...
2025-03-15 00:06:59,408 - Ranking System Pipeline - INFO - Epoch [1/10], Loss: 0.5041
2025-03-15 00:08:51,156 - Ranking System Pipeline - INFO - Epoch [2/10], Loss: 0.4723
2025-03-15 00:10:51,424 - Ranking System Pipeline - INFO - Epoch [3/10], Loss: 0.4513
2025-03-15 00:13:08,501 - Ranking System Pipeline - INFO - Epoch [4/10], Loss: 0.4309
2025-03-15 00:15:12,458 - Ranking System Pipeline - INFO - Epoch [5/10], Loss: 0.4115
2025-03-15 00:17:19,293 - Ranking System Pipeline - INFO - Epoch [6/10], Loss: 0.3936
2025-03-15 00:19:19,012 - Ranking System Pipeline - INFO - Epoch [7/10], Loss: 0.3759
2025-03-15 00:21:16,467 - Ranking System Pipeline - INFO - Epoch [8/10], Loss: 0.3594
2025-03-15 00:23:19,008 - Ranking System Pipeline - INFO - Epoch [9/10], Loss: 0.3438
2025-03-15 00:25:19,004 - Ranking System Pipeline - INFO - Epoch [10/10], Loss: 0.3289
2025-03-15 00:25:26,035 - Ranking System Pipeline - INFO - Test Accuracy: 0.7461
2025-03-15 00:25:26,070 - Ranking System Pipeline - INFO - LSTM model training completed and saved successfully.
2025-03-15 00:25:26,109 - Ranking System Pipeline - INFO - Pipeline completed successfully!
2025-03-15 00:41:19,025 - Ranking System Pipeline - INFO - Starting pipeline...
2025-03-15 00:41:19,025 - Ranking System Pipeline - INFO - Extracting: data/news.csv
2025-03-15 00:41:20,468 - Ranking System Pipeline - INFO - Extracted 427482
2025-03-15 00:41:20,469 - Ranking System Pipeline - INFO - Data Preprocessing...
2025-03-15 00:42:56,097 - Ranking System Pipeline - INFO - Loading saved embeddings...
2025-03-15 00:42:57,376 - Ranking System Pipeline - INFO - Preprocessing completed successfully!
2025-03-15 00:42:57,408 - Ranking System Pipeline - INFO - Loading embeddings and dataset...
2025-03-15 00:43:01,411 - Ranking System Pipeline - INFO - Starting LSTM training...
2025-03-15 00:51:46,982 - Ranking System Pipeline - INFO - Epoch [1/20], Loss: 0.5248, LR: 0.001000
2025-03-15 01:01:12,465 - Ranking System Pipeline - INFO - Epoch [2/20], Loss: 0.4950, LR: 0.001000
2025-03-15 01:04:17,266 - Ranking System Pipeline - INFO - Starting pipeline...
2025-03-15 01:04:17,267 - Ranking System Pipeline - INFO - Extracting: data/news.csv
2025-03-15 01:04:18,538 - Ranking System Pipeline - INFO - Extracted 427482
2025-03-15 01:04:18,539 - Ranking System Pipeline - INFO - Data Preprocessing...
2025-03-15 01:05:54,491 - Ranking System Pipeline - INFO - Loading saved embeddings...
2025-03-15 01:05:56,141 - Ranking System Pipeline - INFO - Preprocessing completed successfully!
2025-03-15 01:05:56,180 - Ranking System Pipeline - INFO - Loading embeddings and dataset...
2025-03-15 01:06:01,054 - Ranking System Pipeline - INFO - Starting LSTM training...
2025-03-15 01:14:19,118 - Ranking System Pipeline - INFO - Epoch [1/10], Loss: 0.5253, LR: 0.001000
2025-03-15 01:22:18,933 - Ranking System Pipeline - INFO - Epoch [2/10], Loss: 0.4941, LR: 0.001000
2025-03-15 01:30:56,352 - Ranking System Pipeline - INFO - Epoch [3/10], Loss: 0.4768, LR: 0.001000
2025-03-15 01:40:34,099 - Ranking System Pipeline - INFO - Epoch [4/10], Loss: 0.4607, LR: 0.001000
2025-03-15 01:49:12,669 - Ranking System Pipeline - INFO - Starting pipeline...
2025-03-15 01:49:12,669 - Ranking System Pipeline - INFO - Extracting: data/news.csv
2025-03-15 01:49:14,336 - Ranking System Pipeline - INFO - Extracted 427482
2025-03-15 01:49:14,337 - Ranking System Pipeline - INFO - Data Preprocessing...
2025-03-15 01:50:53,855 - Ranking System Pipeline - INFO - Loading saved embeddings...
2025-03-15 01:50:54,959 - Ranking System Pipeline - INFO - Preprocessing completed successfully!
2025-03-15 01:50:54,988 - Ranking System Pipeline - INFO - Loading embeddings and dataset...
2025-03-15 01:50:59,483 - Ranking System Pipeline - INFO - Starting LSTM training...
2025-03-15 01:50:59,608 - Ranking System Pipeline - ERROR - Training failed: input must have the type torch.float32, got type torch.bfloat16
2025-03-15 01:50:59,609 - Ranking System Pipeline - ERROR - Failed to finish the pipeline process: input must have the type torch.float32, got type torch.bfloat16
2025-03-15 01:54:42,854 - Ranking System Pipeline - INFO - Starting pipeline...
2025-03-15 01:54:42,855 - Ranking System Pipeline - INFO - Extracting: data/news.csv
2025-03-15 01:54:44,518 - Ranking System Pipeline - INFO - Extracted 427482
2025-03-15 01:54:44,519 - Ranking System Pipeline - INFO - Data Preprocessing...
2025-03-15 01:56:19,293 - Ranking System Pipeline - INFO - Loading saved embeddings...
2025-03-15 01:56:20,180 - Ranking System Pipeline - INFO - Preprocessing completed successfully!
2025-03-15 01:56:20,206 - Ranking System Pipeline - INFO - Loading embeddings and dataset...
2025-03-15 01:56:22,185 - Ranking System Pipeline - INFO - Starting LSTM training...
2025-03-15 02:06:28,637 - Ranking System Pipeline - INFO - Epoch [1/10], Loss: 0.5315
2025-03-15 02:17:13,482 - Ranking System Pipeline - INFO - Epoch [2/10], Loss: 0.5048
2025-03-15 02:27:22,377 - Ranking System Pipeline - INFO - Starting pipeline...
2025-03-15 02:27:22,377 - Ranking System Pipeline - INFO - Extracting: data/news.csv
2025-03-15 02:27:23,832 - Ranking System Pipeline - INFO - Extracted 427482
2025-03-15 02:27:23,833 - Ranking System Pipeline - INFO - Data Preprocessing...
2025-03-15 02:28:56,171 - Ranking System Pipeline - INFO - Loading saved embeddings...
2025-03-15 02:28:57,215 - Ranking System Pipeline - INFO - Preprocessing completed successfully!
2025-03-15 02:28:57,241 - Ranking System Pipeline - INFO - Loading embeddings and dataset...
2025-03-15 02:29:01,899 - Ranking System Pipeline - INFO - Starting LSTM training...
2025-03-15 02:31:08,080 - Ranking System Pipeline - INFO - Epoch [1/10], Loss: 0.5228
2025-03-15 02:33:24,026 - Ranking System Pipeline - INFO - Epoch [2/10], Loss: 0.5053
2025-03-15 02:36:04,327 - Ranking System Pipeline - INFO - Epoch [3/10], Loss: 0.4985
2025-03-15 02:39:40,594 - Ranking System Pipeline - INFO - Epoch [4/10], Loss: 0.4940
2025-03-15 02:42:03,093 - Ranking System Pipeline - INFO - Epoch [5/10], Loss: 0.4897
2025-03-15 02:44:19,331 - Ranking System Pipeline - INFO - Epoch [6/10], Loss: 0.4867
2025-03-15 02:46:29,807 - Ranking System Pipeline - INFO - Epoch [7/10], Loss: 0.4836
2025-03-15 02:48:37,746 - Ranking System Pipeline - INFO - Epoch [8/10], Loss: 0.4804
2025-03-15 02:50:48,016 - Ranking System Pipeline - INFO - Epoch [9/10], Loss: 0.4777
2025-03-15 02:53:03,850 - Ranking System Pipeline - INFO - Epoch [10/10], Loss: 0.4744
2025-03-15 02:53:13,046 - Ranking System Pipeline - INFO - Test Accuracy: 0.7564
2025-03-15 02:53:13,117 - Ranking System Pipeline - INFO - LSTM model training completed and saved successfully.
2025-03-15 02:53:13,157 - Ranking System Pipeline - INFO - Pipeline completed successfully!
2025-03-15 16:29:48,506 - Ranking System Pipeline - INFO - Starting pipeline...
2025-03-15 16:29:48,509 - Ranking System Pipeline - INFO - Extracting: data/news.csv
2025-03-15 16:29:50,756 - Ranking System Pipeline - INFO - Extracted 427482
2025-03-15 16:29:50,757 - Ranking System Pipeline - INFO - Data Preprocessing...
2025-03-15 16:32:13,976 - Ranking System Pipeline - INFO - Loading saved embeddings...
2025-03-15 16:32:16,391 - Ranking System Pipeline - INFO - Preprocessing completed successfully!
2025-03-15 16:32:16,468 - Ranking System Pipeline - INFO - Loading embeddings and dataset...
2025-03-15 16:32:22,515 - Ranking System Pipeline - INFO - Starting LSTM training...
2025-03-15 16:34:05,976 - Ranking System Pipeline - INFO - Epoch [1/10], Loss: 0.5834
2025-03-15 16:35:35,898 - Ranking System Pipeline - INFO - Epoch [2/10], Loss: 0.5778
2025-03-15 16:37:05,439 - Ranking System Pipeline - INFO - Epoch [3/10], Loss: 0.5755
2025-03-15 16:38:38,269 - Ranking System Pipeline - INFO - Epoch [4/10], Loss: 0.5725
2025-03-15 16:40:00,448 - Ranking System Pipeline - INFO - Starting pipeline...
2025-03-15 16:40:00,449 - Ranking System Pipeline - INFO - Extracting: data/news.csv
2025-03-15 16:40:01,786 - Ranking System Pipeline - INFO - Extracted 427482
2025-03-15 16:40:01,787 - Ranking System Pipeline - INFO - Data Preprocessing...
2025-03-15 16:41:27,412 - Ranking System Pipeline - INFO - Loading saved embeddings...
2025-03-15 16:41:28,248 - Ranking System Pipeline - INFO - Preprocessing completed successfully!
2025-03-15 16:41:28,274 - Ranking System Pipeline - INFO - Loading embeddings and dataset...
2025-03-15 16:41:29,992 - Ranking System Pipeline - INFO - Starting LSTM training...
2025-03-15 16:43:09,669 - Ranking System Pipeline - INFO - Epoch [1/10], Loss: 0.5212
2025-03-15 16:44:52,425 - Ranking System Pipeline - INFO - Epoch [2/10], Loss: 0.5044
2025-03-15 16:46:32,549 - Ranking System Pipeline - INFO - Epoch [3/10], Loss: 0.4982
2025-03-15 16:48:25,036 - Ranking System Pipeline - INFO - Epoch [4/10], Loss: 0.4933
2025-03-15 16:50:22,071 - Ranking System Pipeline - INFO - Epoch [5/10], Loss: 0.4893
2025-03-15 16:52:19,049 - Ranking System Pipeline - INFO - Epoch [6/10], Loss: 0.4863
2025-03-15 16:54:45,214 - Ranking System Pipeline - INFO - Epoch [7/10], Loss: 0.4824
2025-03-15 16:57:15,522 - Ranking System Pipeline - INFO - Epoch [8/10], Loss: 0.4800
2025-03-15 16:59:15,319 - Ranking System Pipeline - INFO - Epoch [9/10], Loss: 0.4763
2025-03-15 17:01:11,537 - Ranking System Pipeline - INFO - Epoch [10/10], Loss: 0.4744
2025-03-15 17:01:19,079 - Ranking System Pipeline - INFO - Test Accuracy: 0.7560
2025-03-15 17:01:19,099 - Ranking System Pipeline - INFO - LSTM model training completed and saved successfully.
2025-03-15 17:01:19,291 - Ranking System Pipeline - INFO - Pipeline completed successfully!
2025-03-15 17:02:26,466 - Ranking System Pipeline - INFO - Starting pipeline...
2025-03-15 17:02:26,467 - Ranking System Pipeline - INFO - Extracting: data/news.csv
2025-03-15 17:02:27,759 - Ranking System Pipeline - INFO - Extracted 427482
2025-03-15 17:02:27,760 - Ranking System Pipeline - INFO - Data Preprocessing...
2025-03-15 17:03:57,468 - Ranking System Pipeline - INFO - Loading saved embeddings...
2025-03-15 17:03:58,425 - Ranking System Pipeline - INFO - Preprocessing completed successfully!
2025-03-15 17:03:58,463 - Ranking System Pipeline - INFO - Loading embeddings and dataset...
2025-03-15 17:04:01,024 - Ranking System Pipeline - INFO - Starting LSTM training...
2025-03-15 17:06:06,130 - Ranking System Pipeline - INFO - Epoch [1/10], Loss: 0.5038
2025-03-15 17:08:08,799 - Ranking System Pipeline - INFO - Epoch [2/10], Loss: 0.4722
2025-03-15 17:10:28,290 - Ranking System Pipeline - INFO - Epoch [3/10], Loss: 0.4510
2025-03-15 17:12:52,193 - Ranking System Pipeline - INFO - Epoch [4/10], Loss: 0.4307
2025-03-15 17:15:09,140 - Ranking System Pipeline - INFO - Epoch [5/10], Loss: 0.4116
2025-03-15 17:16:53,376 - Ranking System Pipeline - INFO - Epoch [6/10], Loss: 0.3930
2025-03-15 17:18:48,084 - Ranking System Pipeline - INFO - Epoch [7/10], Loss: 0.3749
2025-03-15 17:20:36,262 - Ranking System Pipeline - INFO - Epoch [8/10], Loss: 0.3583
2025-03-15 17:22:20,107 - Ranking System Pipeline - INFO - Epoch [9/10], Loss: 0.3429
2025-03-15 17:24:04,171 - Ranking System Pipeline - INFO - Epoch [10/10], Loss: 0.3284
2025-03-15 17:24:10,950 - Ranking System Pipeline - INFO - Test Accuracy: 0.7493
2025-03-15 17:24:10,968 - Ranking System Pipeline - INFO - LSTM model training completed and saved successfully.
2025-03-15 17:24:11,047 - Ranking System Pipeline - INFO - Pipeline completed successfully!
2025-03-15 17:28:24,557 - Ranking System Pipeline - INFO - Starting pipeline...
2025-03-15 17:28:24,558 - Ranking System Pipeline - INFO - Extracting: data/news.csv
2025-03-15 17:28:26,136 - Ranking System Pipeline - INFO - Extracted 427482
2025-03-15 17:28:26,137 - Ranking System Pipeline - INFO - Data Preprocessing...
2025-03-15 17:29:53,634 - Ranking System Pipeline - INFO - Loading saved embeddings...
2025-03-15 17:29:54,806 - Ranking System Pipeline - INFO - Preprocessing completed successfully!
2025-03-15 17:29:54,842 - Ranking System Pipeline - INFO - Loading embeddings and dataset...
2025-03-15 17:29:57,037 - Ranking System Pipeline - INFO - Starting LSTM training...
2025-03-15 17:32:55,837 - Ranking System Pipeline - INFO - Epoch [1/10], Loss: 0.5044
2025-03-15 17:36:02,088 - Ranking System Pipeline - INFO - Epoch [2/10], Loss: 0.4724
2025-03-15 17:39:20,136 - Ranking System Pipeline - INFO - Epoch [3/10], Loss: 0.4509
2025-03-15 17:42:23,139 - Ranking System Pipeline - INFO - Epoch [4/10], Loss: 0.4300
2025-03-15 17:45:26,969 - Ranking System Pipeline - INFO - Epoch [5/10], Loss: 0.4098
2025-03-15 17:48:30,229 - Ranking System Pipeline - INFO - Epoch [6/10], Loss: 0.3903
2025-03-15 17:51:44,453 - Ranking System Pipeline - INFO - Epoch [7/10], Loss: 0.3713
2025-03-15 17:54:47,296 - Ranking System Pipeline - INFO - Epoch [8/10], Loss: 0.3530
2025-03-15 17:57:50,664 - Ranking System Pipeline - INFO - Epoch [9/10], Loss: 0.3352
2025-03-15 18:01:07,046 - Ranking System Pipeline - INFO - Epoch [10/10], Loss: 0.3181
2025-03-15 18:01:17,366 - Ranking System Pipeline - INFO - Test Accuracy: 0.7449
2025-03-15 18:01:17,377 - Ranking System Pipeline - INFO - LSTM model training completed and saved successfully.
2025-03-15 18:01:17,454 - Ranking System Pipeline - INFO - Pipeline completed successfully!
2025-03-15 23:34:05,570 - Ranking System Pipeline - INFO - Starting pipeline...
2025-03-15 23:34:05,572 - Ranking System Pipeline - INFO - Extracting: data/news.csv
2025-03-15 23:34:06,980 - Ranking System Pipeline - INFO - Extracted 427482
2025-03-15 23:34:06,981 - Ranking System Pipeline - INFO - Data Preprocessing...
2025-03-15 23:35:39,953 - Ranking System Pipeline - INFO - Loading saved embeddings...
2025-03-15 23:35:41,302 - Ranking System Pipeline - INFO - Preprocessing completed successfully!
2025-03-15 23:35:41,335 - Ranking System Pipeline - INFO - Loading embeddings and dataset...
2025-03-15 23:35:46,988 - Ranking System Pipeline - INFO - Starting LSTM training...
2025-03-15 23:47:28,619 - Ranking System Pipeline - INFO - Epoch [1/10], Loss: 0.5062
2025-03-16 00:01:40,197 - Ranking System Pipeline - INFO - Epoch [2/10], Loss: 0.4720
2025-03-16 00:15:11,752 - Ranking System Pipeline - INFO - Epoch [3/10], Loss: 0.4464
2025-03-16 00:27:55,596 - Ranking System Pipeline - INFO - Epoch [4/10], Loss: 0.4186
2025-03-16 00:39:56,161 - Ranking System Pipeline - INFO - Epoch [5/10], Loss: 0.3898
2025-03-16 00:47:19,868 - Ranking System Pipeline - INFO - Starting pipeline...
2025-03-16 00:47:19,870 - Ranking System Pipeline - INFO - Extracting: data/news.csv
2025-03-16 00:47:22,577 - Ranking System Pipeline - INFO - Extracted 427482
2025-03-16 00:47:22,578 - Ranking System Pipeline - INFO - Data Preprocessing...
2025-03-16 00:50:55,693 - Ranking System Pipeline - INFO - Loading saved embeddings...
2025-03-16 00:50:57,328 - Ranking System Pipeline - INFO - Preprocessing completed successfully!
2025-03-16 00:50:57,407 - Ranking System Pipeline - INFO - Loading embeddings and dataset...
2025-03-16 00:51:09,413 - Ranking System Pipeline - INFO - Starting LSTM training...
2025-03-16 00:55:14,285 - Ranking System Pipeline - INFO - Epoch [1/10], Loss: 0.5040
2025-03-16 00:59:23,730 - Ranking System Pipeline - INFO - Epoch [2/10], Loss: 0.4725
2025-03-16 01:03:16,882 - Ranking System Pipeline - INFO - Epoch [3/10], Loss: 0.4510
2025-03-16 01:08:31,909 - Ranking System Pipeline - INFO - Epoch [4/10], Loss: 0.4307
2025-03-16 01:14:49,240 - Ranking System Pipeline - INFO - Epoch [5/10], Loss: 0.4100
2025-03-16 01:19:13,136 - Ranking System Pipeline - INFO - Epoch [6/10], Loss: 0.3903
2025-03-16 01:23:00,211 - Ranking System Pipeline - INFO - Epoch [7/10], Loss: 0.3712
2025-03-16 01:26:36,065 - Ranking System Pipeline - INFO - Epoch [8/10], Loss: 0.3527
2025-03-16 01:30:21,482 - Ranking System Pipeline - INFO - Epoch [9/10], Loss: 0.3358
2025-03-16 01:35:51,669 - Ranking System Pipeline - INFO - Epoch [10/10], Loss: 0.3192
2025-03-16 01:36:13,669 - Ranking System Pipeline - INFO - Test Accuracy: 0.7464
2025-03-16 01:36:13,672 - Ranking System Pipeline - INFO - Class 0 - Precision: 0.7470, Recall: 0.7607, F1-score: 0.7538
2025-03-16 01:36:13,672 - Ranking System Pipeline - INFO - Class 1 - Precision: 0.7458, Recall: 0.7316, F1-score: 0.7386
2025-03-16 01:37:00,170 - Ranking System Pipeline - INFO - LSTM model training completed and saved successfully.
2025-03-16 01:37:00,225 - Ranking System Pipeline - INFO - Pipeline completed successfully!
2025-03-16 01:57:46,227 - Ranking System Pipeline - INFO - Starting pipeline...
2025-03-16 01:57:46,227 - Ranking System Pipeline - INFO - Extracting: data/news.csv
2025-03-16 01:57:48,717 - Ranking System Pipeline - INFO - Extracted 427482
2025-03-16 01:57:48,717 - Ranking System Pipeline - INFO - Data Preprocessing...
2025-03-16 02:00:20,135 - Ranking System Pipeline - INFO - Loading saved embeddings...
2025-03-16 02:00:22,366 - Ranking System Pipeline - INFO - Preprocessing completed successfully!
2025-03-16 02:00:22,444 - Ranking System Pipeline - INFO - Loading embeddings and dataset...
2025-03-16 02:00:33,351 - Ranking System Pipeline - INFO - Starting LSTM training...
2025-03-16 02:06:08,062 - Ranking System Pipeline - INFO - Epoch [1/10], Loss: 0.5042
2025-03-16 02:11:24,128 - Ranking System Pipeline - ERROR - Error loading model: [Errno 2] No such file or directory: 'path_to_your_model_checkpoint.pth'
2025-03-16 02:14:28,448 - Ranking System Pipeline - ERROR - Error loading model: Error(s) in loading state_dict for BertModel:
	Missing key(s) in state_dict: "embeddings.word_embeddings.weight", "embeddings.position_embeddings.weight", "embeddings.token_type_embeddings.weight", "embeddings.LayerNorm.weight", "embeddings.LayerNorm.bias", "encoder.layer.0.attention.self.query.weight", "encoder.layer.0.attention.self.query.bias", "encoder.layer.0.attention.self.key.weight", "encoder.layer.0.attention.self.key.bias", "encoder.layer.0.attention.self.value.weight", "encoder.layer.0.attention.self.value.bias", "encoder.layer.0.attention.output.dense.weight", "encoder.layer.0.attention.output.dense.bias", "encoder.layer.0.attention.output.LayerNorm.weight", "encoder.layer.0.attention.output.LayerNorm.bias", "encoder.layer.0.intermediate.dense.weight", "encoder.layer.0.intermediate.dense.bias", "encoder.layer.0.output.dense.weight", "encoder.layer.0.output.dense.bias", "encoder.layer.0.output.LayerNorm.weight", "encoder.layer.0.output.LayerNorm.bias", "encoder.layer.1.attention.self.query.weight", "encoder.layer.1.attention.self.query.bias", "encoder.layer.1.attention.self.key.weight", "encoder.layer.1.attention.self.key.bias", "encoder.layer.1.attention.self.value.weight", "encoder.layer.1.attention.self.value.bias", "encoder.layer.1.attention.output.dense.weight", "encoder.layer.1.attention.output.dense.bias", "encoder.layer.1.attention.output.LayerNorm.weight", "encoder.layer.1.attention.output.LayerNorm.bias", "encoder.layer.1.intermediate.dense.weight", "encoder.layer.1.intermediate.dense.bias", "encoder.layer.1.output.dense.weight", "encoder.layer.1.output.dense.bias", "encoder.layer.1.output.LayerNorm.weight", "encoder.layer.1.output.LayerNorm.bias", "encoder.layer.2.attention.self.query.weight", "encoder.layer.2.attention.self.query.bias", "encoder.layer.2.attention.self.key.weight", "encoder.layer.2.attention.self.key.bias", "encoder.layer.2.attention.self.value.weight", "encoder.layer.2.attention.self.value.bias", "encoder.layer.2.attention.output.dense.weight", "encoder.layer.2.attention.output.dense.bias", "encoder.layer.2.attention.output.LayerNorm.weight", "encoder.layer.2.attention.output.LayerNorm.bias", "encoder.layer.2.intermediate.dense.weight", "encoder.layer.2.intermediate.dense.bias", "encoder.layer.2.output.dense.weight", "encoder.layer.2.output.dense.bias", "encoder.layer.2.output.LayerNorm.weight", "encoder.layer.2.output.LayerNorm.bias", "encoder.layer.3.attention.self.query.weight", "encoder.layer.3.attention.self.query.bias", "encoder.layer.3.attention.self.key.weight", "encoder.layer.3.attention.self.key.bias", "encoder.layer.3.attention.self.value.weight", "encoder.layer.3.attention.self.value.bias", "encoder.layer.3.attention.output.dense.weight", "encoder.layer.3.attention.output.dense.bias", "encoder.layer.3.attention.output.LayerNorm.weight", "encoder.layer.3.attention.output.LayerNorm.bias", "encoder.layer.3.intermediate.dense.weight", "encoder.layer.3.intermediate.dense.bias", "encoder.layer.3.output.dense.weight", "encoder.layer.3.output.dense.bias", "encoder.layer.3.output.LayerNorm.weight", "encoder.layer.3.output.LayerNorm.bias", "encoder.layer.4.attention.self.query.weight", "encoder.layer.4.attention.self.query.bias", "encoder.layer.4.attention.self.key.weight", "encoder.layer.4.attention.self.key.bias", "encoder.layer.4.attention.self.value.weight", "encoder.layer.4.attention.self.value.bias", "encoder.layer.4.attention.output.dense.weight", "encoder.layer.4.attention.output.dense.bias", "encoder.layer.4.attention.output.LayerNorm.weight", "encoder.layer.4.attention.output.LayerNorm.bias", "encoder.layer.4.intermediate.dense.weight", "encoder.layer.4.intermediate.dense.bias", "encoder.layer.4.output.dense.weight", "encoder.layer.4.output.dense.bias", "encoder.layer.4.output.LayerNorm.weight", "encoder.layer.4.output.LayerNorm.bias", "encoder.layer.5.attention.self.query.weight", "encoder.layer.5.attention.self.query.bias", "encoder.layer.5.attention.self.key.weight", "encoder.layer.5.attention.self.key.bias", "encoder.layer.5.attention.self.value.weight", "encoder.layer.5.attention.self.value.bias", "encoder.layer.5.attention.output.dense.weight", "encoder.layer.5.attention.output.dense.bias", "encoder.layer.5.attention.output.LayerNorm.weight", "encoder.layer.5.attention.output.LayerNorm.bias", "encoder.layer.5.intermediate.dense.weight", "encoder.layer.5.intermediate.dense.bias", "encoder.layer.5.output.dense.weight", "encoder.layer.5.output.dense.bias", "encoder.layer.5.output.LayerNorm.weight", "encoder.layer.5.output.LayerNorm.bias", "pooler.dense.weight", "pooler.dense.bias". 
	Unexpected key(s) in state_dict: "lstm.weight_ih_l0", "lstm.weight_hh_l0", "lstm.bias_ih_l0", "lstm.bias_hh_l0", "lstm.weight_ih_l1", "lstm.weight_hh_l1", "lstm.bias_ih_l1", "lstm.bias_hh_l1", "fc.weight", "fc.bias". 
2025-03-16 02:16:47,984 - Ranking System Pipeline - ERROR - Error loading model: Error(s) in loading state_dict for BertModel:
	Missing key(s) in state_dict: "embeddings.word_embeddings.weight", "embeddings.position_embeddings.weight", "embeddings.token_type_embeddings.weight", "embeddings.LayerNorm.weight", "embeddings.LayerNorm.bias", "encoder.layer.0.attention.self.query.weight", "encoder.layer.0.attention.self.query.bias", "encoder.layer.0.attention.self.key.weight", "encoder.layer.0.attention.self.key.bias", "encoder.layer.0.attention.self.value.weight", "encoder.layer.0.attention.self.value.bias", "encoder.layer.0.attention.output.dense.weight", "encoder.layer.0.attention.output.dense.bias", "encoder.layer.0.attention.output.LayerNorm.weight", "encoder.layer.0.attention.output.LayerNorm.bias", "encoder.layer.0.intermediate.dense.weight", "encoder.layer.0.intermediate.dense.bias", "encoder.layer.0.output.dense.weight", "encoder.layer.0.output.dense.bias", "encoder.layer.0.output.LayerNorm.weight", "encoder.layer.0.output.LayerNorm.bias", "encoder.layer.1.attention.self.query.weight", "encoder.layer.1.attention.self.query.bias", "encoder.layer.1.attention.self.key.weight", "encoder.layer.1.attention.self.key.bias", "encoder.layer.1.attention.self.value.weight", "encoder.layer.1.attention.self.value.bias", "encoder.layer.1.attention.output.dense.weight", "encoder.layer.1.attention.output.dense.bias", "encoder.layer.1.attention.output.LayerNorm.weight", "encoder.layer.1.attention.output.LayerNorm.bias", "encoder.layer.1.intermediate.dense.weight", "encoder.layer.1.intermediate.dense.bias", "encoder.layer.1.output.dense.weight", "encoder.layer.1.output.dense.bias", "encoder.layer.1.output.LayerNorm.weight", "encoder.layer.1.output.LayerNorm.bias", "encoder.layer.2.attention.self.query.weight", "encoder.layer.2.attention.self.query.bias", "encoder.layer.2.attention.self.key.weight", "encoder.layer.2.attention.self.key.bias", "encoder.layer.2.attention.self.value.weight", "encoder.layer.2.attention.self.value.bias", "encoder.layer.2.attention.output.dense.weight", "encoder.layer.2.attention.output.dense.bias", "encoder.layer.2.attention.output.LayerNorm.weight", "encoder.layer.2.attention.output.LayerNorm.bias", "encoder.layer.2.intermediate.dense.weight", "encoder.layer.2.intermediate.dense.bias", "encoder.layer.2.output.dense.weight", "encoder.layer.2.output.dense.bias", "encoder.layer.2.output.LayerNorm.weight", "encoder.layer.2.output.LayerNorm.bias", "encoder.layer.3.attention.self.query.weight", "encoder.layer.3.attention.self.query.bias", "encoder.layer.3.attention.self.key.weight", "encoder.layer.3.attention.self.key.bias", "encoder.layer.3.attention.self.value.weight", "encoder.layer.3.attention.self.value.bias", "encoder.layer.3.attention.output.dense.weight", "encoder.layer.3.attention.output.dense.bias", "encoder.layer.3.attention.output.LayerNorm.weight", "encoder.layer.3.attention.output.LayerNorm.bias", "encoder.layer.3.intermediate.dense.weight", "encoder.layer.3.intermediate.dense.bias", "encoder.layer.3.output.dense.weight", "encoder.layer.3.output.dense.bias", "encoder.layer.3.output.LayerNorm.weight", "encoder.layer.3.output.LayerNorm.bias", "encoder.layer.4.attention.self.query.weight", "encoder.layer.4.attention.self.query.bias", "encoder.layer.4.attention.self.key.weight", "encoder.layer.4.attention.self.key.bias", "encoder.layer.4.attention.self.value.weight", "encoder.layer.4.attention.self.value.bias", "encoder.layer.4.attention.output.dense.weight", "encoder.layer.4.attention.output.dense.bias", "encoder.layer.4.attention.output.LayerNorm.weight", "encoder.layer.4.attention.output.LayerNorm.bias", "encoder.layer.4.intermediate.dense.weight", "encoder.layer.4.intermediate.dense.bias", "encoder.layer.4.output.dense.weight", "encoder.layer.4.output.dense.bias", "encoder.layer.4.output.LayerNorm.weight", "encoder.layer.4.output.LayerNorm.bias", "encoder.layer.5.attention.self.query.weight", "encoder.layer.5.attention.self.query.bias", "encoder.layer.5.attention.self.key.weight", "encoder.layer.5.attention.self.key.bias", "encoder.layer.5.attention.self.value.weight", "encoder.layer.5.attention.self.value.bias", "encoder.layer.5.attention.output.dense.weight", "encoder.layer.5.attention.output.dense.bias", "encoder.layer.5.attention.output.LayerNorm.weight", "encoder.layer.5.attention.output.LayerNorm.bias", "encoder.layer.5.intermediate.dense.weight", "encoder.layer.5.intermediate.dense.bias", "encoder.layer.5.output.dense.weight", "encoder.layer.5.output.dense.bias", "encoder.layer.5.output.LayerNorm.weight", "encoder.layer.5.output.LayerNorm.bias", "pooler.dense.weight", "pooler.dense.bias". 
	Unexpected key(s) in state_dict: "lstm.weight_ih_l0", "lstm.weight_hh_l0", "lstm.bias_ih_l0", "lstm.bias_hh_l0", "lstm.weight_ih_l1", "lstm.weight_hh_l1", "lstm.bias_ih_l1", "lstm.bias_hh_l1", "fc.weight", "fc.bias". 
2025-03-16 02:19:22,884 - Ranking System Pipeline - ERROR - Error loading model: Error(s) in loading state_dict for BertModel:
	Missing key(s) in state_dict: "embeddings.word_embeddings.weight", "embeddings.position_embeddings.weight", "embeddings.token_type_embeddings.weight", "embeddings.LayerNorm.weight", "embeddings.LayerNorm.bias", "encoder.layer.0.attention.self.query.weight", "encoder.layer.0.attention.self.query.bias", "encoder.layer.0.attention.self.key.weight", "encoder.layer.0.attention.self.key.bias", "encoder.layer.0.attention.self.value.weight", "encoder.layer.0.attention.self.value.bias", "encoder.layer.0.attention.output.dense.weight", "encoder.layer.0.attention.output.dense.bias", "encoder.layer.0.attention.output.LayerNorm.weight", "encoder.layer.0.attention.output.LayerNorm.bias", "encoder.layer.0.intermediate.dense.weight", "encoder.layer.0.intermediate.dense.bias", "encoder.layer.0.output.dense.weight", "encoder.layer.0.output.dense.bias", "encoder.layer.0.output.LayerNorm.weight", "encoder.layer.0.output.LayerNorm.bias", "encoder.layer.1.attention.self.query.weight", "encoder.layer.1.attention.self.query.bias", "encoder.layer.1.attention.self.key.weight", "encoder.layer.1.attention.self.key.bias", "encoder.layer.1.attention.self.value.weight", "encoder.layer.1.attention.self.value.bias", "encoder.layer.1.attention.output.dense.weight", "encoder.layer.1.attention.output.dense.bias", "encoder.layer.1.attention.output.LayerNorm.weight", "encoder.layer.1.attention.output.LayerNorm.bias", "encoder.layer.1.intermediate.dense.weight", "encoder.layer.1.intermediate.dense.bias", "encoder.layer.1.output.dense.weight", "encoder.layer.1.output.dense.bias", "encoder.layer.1.output.LayerNorm.weight", "encoder.layer.1.output.LayerNorm.bias", "encoder.layer.2.attention.self.query.weight", "encoder.layer.2.attention.self.query.bias", "encoder.layer.2.attention.self.key.weight", "encoder.layer.2.attention.self.key.bias", "encoder.layer.2.attention.self.value.weight", "encoder.layer.2.attention.self.value.bias", "encoder.layer.2.attention.output.dense.weight", "encoder.layer.2.attention.output.dense.bias", "encoder.layer.2.attention.output.LayerNorm.weight", "encoder.layer.2.attention.output.LayerNorm.bias", "encoder.layer.2.intermediate.dense.weight", "encoder.layer.2.intermediate.dense.bias", "encoder.layer.2.output.dense.weight", "encoder.layer.2.output.dense.bias", "encoder.layer.2.output.LayerNorm.weight", "encoder.layer.2.output.LayerNorm.bias", "encoder.layer.3.attention.self.query.weight", "encoder.layer.3.attention.self.query.bias", "encoder.layer.3.attention.self.key.weight", "encoder.layer.3.attention.self.key.bias", "encoder.layer.3.attention.self.value.weight", "encoder.layer.3.attention.self.value.bias", "encoder.layer.3.attention.output.dense.weight", "encoder.layer.3.attention.output.dense.bias", "encoder.layer.3.attention.output.LayerNorm.weight", "encoder.layer.3.attention.output.LayerNorm.bias", "encoder.layer.3.intermediate.dense.weight", "encoder.layer.3.intermediate.dense.bias", "encoder.layer.3.output.dense.weight", "encoder.layer.3.output.dense.bias", "encoder.layer.3.output.LayerNorm.weight", "encoder.layer.3.output.LayerNorm.bias", "encoder.layer.4.attention.self.query.weight", "encoder.layer.4.attention.self.query.bias", "encoder.layer.4.attention.self.key.weight", "encoder.layer.4.attention.self.key.bias", "encoder.layer.4.attention.self.value.weight", "encoder.layer.4.attention.self.value.bias", "encoder.layer.4.attention.output.dense.weight", "encoder.layer.4.attention.output.dense.bias", "encoder.layer.4.attention.output.LayerNorm.weight", "encoder.layer.4.attention.output.LayerNorm.bias", "encoder.layer.4.intermediate.dense.weight", "encoder.layer.4.intermediate.dense.bias", "encoder.layer.4.output.dense.weight", "encoder.layer.4.output.dense.bias", "encoder.layer.4.output.LayerNorm.weight", "encoder.layer.4.output.LayerNorm.bias", "encoder.layer.5.attention.self.query.weight", "encoder.layer.5.attention.self.query.bias", "encoder.layer.5.attention.self.key.weight", "encoder.layer.5.attention.self.key.bias", "encoder.layer.5.attention.self.value.weight", "encoder.layer.5.attention.self.value.bias", "encoder.layer.5.attention.output.dense.weight", "encoder.layer.5.attention.output.dense.bias", "encoder.layer.5.attention.output.LayerNorm.weight", "encoder.layer.5.attention.output.LayerNorm.bias", "encoder.layer.5.intermediate.dense.weight", "encoder.layer.5.intermediate.dense.bias", "encoder.layer.5.output.dense.weight", "encoder.layer.5.output.dense.bias", "encoder.layer.5.output.LayerNorm.weight", "encoder.layer.5.output.LayerNorm.bias", "pooler.dense.weight", "pooler.dense.bias". 
	Unexpected key(s) in state_dict: "lstm.weight_ih_l0", "lstm.weight_hh_l0", "lstm.bias_ih_l0", "lstm.bias_hh_l0", "lstm.weight_ih_l1", "lstm.weight_hh_l1", "lstm.bias_ih_l1", "lstm.bias_hh_l1", "fc.weight", "fc.bias". 
2025-03-16 02:20:33,851 - Ranking System Pipeline - ERROR - Error loading LSTM model: 'collections.OrderedDict' object has no attribute 'eval'
